2025-06-26 06:23:05 - PUT /products - Status: 301
2025-06-26 06:23:05 - POST /services - Status: 301
2025-06-26 06:23:05 - GET /home - Status: 200
2025-06-26 06:23:06 - PUT /contact - Status: 404
2025-06-26 06:23:07 - GET /home - Status: 500
2025-06-26 06:23:07 - GET /about - Status: 404
2025-06-26 06:23:08 - DELETE /home - Status: 500
2025-06-26 06:23:08 - GET /home - Status: 200
2025-06-26 06:23:09 - PUT /products - Status: 500
2025-06-26 06:23:09 - PUT /about - Status: 404
2025-06-26 06:23:10 - POST /services - Status: 200
2025-06-26 06:23:11 - PUT /services - Status: 404
2025-06-26 06:23:12 - GET /products - Status: 200
2025-06-26 06:23:12 - DELETE /home - Status: 403
2025-06-26 06:23:12 - DELETE /about - Status: 404
2025-06-26 06:23:13 - PUT /home - Status: 404
2025-06-26 06:23:14 - POST /contact - Status: 301
2025-06-26 06:23:15 - GET /products - Status: 301
2025-06-26 06:23:16 - DELETE /services - Status: 403
2025-06-26 06:23:17 - GET /products - Status: 200
2025-06-26 06:23:17 - GET /home - Status: 301
2025-06-26 06:23:18 - GET /services - Status: 403
2025-06-26 06:23:18 - DELETE /contact - Status: 404
2025-06-26 06:23:19 - POST /home - Status: 301
2025-06-26 06:23:19 - GET /services - Status: 500
2025-06-26 06:23:20 - PUT /home - Status: 500
2025-06-26 06:23:21 - DELETE /home - Status: 200
2025-06-26 06:23:21 - PUT /products - Status: 200
2025-06-26 06:23:22 - DELETE /home - Status: 403
2025-06-26 06:23:23 - DELETE /services - Status: 200
2025-06-26 06:23:24 - GET /contact - Status: 301
2025-06-26 06:23:24 - GET /home - Status: 200
2025-06-26 06:23:24 - POST /home - Status: 404
2025-06-26 06:23:25 - GET /contact - Status: 404
2025-06-26 06:23:25 - POST /products - Status: 200
2025-06-26 06:23:26 - POST /about - Status: 301
2025-06-26 06:23:27 - PUT /home - Status: 301
2025-06-26 06:23:28 - PUT /contact - Status: 403
2025-06-26 06:23:28 - POST /services - Status: 500
2025-06-26 06:23:28 - POST /about - Status: 200
2025-06-26 06:23:29 - PUT /products - Status: 500
2025-06-26 06:23:30 - GET /about - Status: 500
2025-06-26 06:23:30 - GET /home - Status: 404
2025-06-26 06:23:31 - POST /products - Status: 404
2025-06-26 06:23:31 - GET /home - Status: 403
2025-06-26 06:23:32 - DELETE /about - Status: 200
2025-06-26 06:23:33 - POST /home - Status: 403
2025-06-26 06:23:33 - POST /contact - Status: 404
2025-06-26 06:23:34 - GET /contact - Status: 404
2025-06-26 06:23:35 - POST /services - Status: 200
2025-06-26 06:23:35 - DELETE /services - Status: 404
2025-06-26 06:23:35 - PUT /contact - Status: 200
2025-06-26 06:23:35 - GET /about - Status: 404
2025-06-26 06:23:36 - POST /home - Status: 404
2025-06-26 06:23:36 - GET /about - Status: 404
2025-06-26 06:23:37 - POST /about - Status: 301
2025-06-26 06:23:37 - DELETE /services - Status: 500
2025-06-26 06:23:37 - DELETE /products - Status: 500
2025-06-26 06:23:38 - PUT /products - Status: 404
2025-06-26 06:23:38 - POST /services - Status: 404
2025-06-26 06:23:39 - PUT /services - Status: 403
2025-06-26 06:23:40 - GET /about - Status: 403
2025-06-26 06:23:41 - DELETE /contact - Status: 403
2025-06-26 06:23:41 - GET /products - Status: 200
2025-06-26 06:23:42 - PUT /services - Status: 301
2025-06-26 06:23:43 - GET /about - Status: 200
2025-06-26 06:23:43 - PUT /contact - Status: 500
2025-06-26 06:23:44 - PUT /contact - Status: 500
2025-06-26 06:23:45 - PUT /about - Status: 200
2025-06-26 06:23:45 - GET /about - Status: 403
2025-06-26 06:23:46 - POST /about - Status: 301
2025-06-26 06:23:46 - DELETE /contact - Status: 403
2025-06-26 06:23:47 - PUT /products - Status: 403
2025-06-26 06:23:48 - PUT /contact - Status: 403
2025-06-26 06:23:48 - DELETE /products - Status: 301
2025-06-26 06:23:49 - PUT /home - Status: 301
2025-06-26 06:23:50 - GET /about - Status: 404
2025-06-26 06:23:51 - GET /services - Status: 404
2025-06-26 06:23:52 - DELETE /about - Status: 200
2025-06-26 06:23:53 - POST /home - Status: 200
2025-06-26 06:23:53 - GET /products - Status: 403
2025-06-26 06:23:53 - POST /contact - Status: 404
2025-06-26 06:23:54 - DELETE /products - Status: 500
2025-06-26 06:23:55 - DELETE /home - Status: 301
2025-06-26 06:23:55 - DELETE /contact - Status: 500
2025-06-26 06:23:56 - DELETE /contact - Status: 500
2025-06-26 06:23:56 - DELETE /products - Status: 403
2025-06-26 06:23:57 - GET /products - Status: 404
2025-06-26 06:23:58 - PUT /products - Status: 500
2025-06-26 06:23:59 - POST /products - Status: 301
2025-06-26 06:24:00 - POST /home - Status: 200
2025-06-26 06:24:00 - POST /about - Status: 403
2025-06-26 06:24:01 - PUT /products - Status: 301
2025-06-26 06:24:01 - POST /services - Status: 403
2025-06-26 06:24:01 - POST /about - Status: 200
2025-06-26 06:24:02 - GET /home - Status: 403
2025-06-26 06:24:02 - DELETE /products - Status: 404
2025-06-26 06:24:02 - GET /contact - Status: 403
2025-06-26 06:24:03 - POST /home - Status: 200
2025-06-26 06:24:03 - DELETE /products - Status: 200
